<?xml version="1.0" encoding="UTF-8"?>
<!-- Generated by org.testng.reporters.JUnitXMLReporter -->
<testsuite ignored="0" hostname="DESKTOP-7B1O3SH" failures="1" tests="1" name="Test" time="6.623" errors="0" timestamp="2022-05-31T20:39:13 IST">
  <testcase classname="com.saucedemo.testclasses.TC01New" name="loginFunctionalitytest" time="0.017">
    <failure type="java.lang.AssertionError" message="**TTest case has passed expected [ Labs] but found [Swag Labs]">
      <![CDATA[java.lang.AssertionError: **TTest case has passed expected [ Labs] but found [Swag Labs]
at com.saucedemo.testclasses.TC01New.loginFunctionalitytest(TC01New.java:45)
at java.base/java.util.ArrayList.forEach(ArrayList.java:1511)
... Removed 32 stack frames]]>
    </failure>
  </testcase> <!-- loginFunctionalitytest -->
</testsuite> <!-- Test -->
